<?xml version="1.0" encoding="UTF-8"?>
<!-- Generated by org.testng.reporters.JUnitReportReporter -->
<testsuite hostname="Dmitry-Kovpaks-MacBook-Pro.local" name="tests.checkVizaPlatinumTextKPCU" tests="1" failures="0" timestamp="29 Dec 2015 16:00:23 GMT" time="3.293" errors="0">
  <testcase name="testVisaPlatinumRewards" time="3.293" classname="tests.checkVizaPlatinumTextKPCU"/>
</testsuite>
