<?xml version="1.0" encoding="UTF-8"?>
<!-- Generated by org.testng.reporters.JUnitReportReporter -->
<testsuite hostname="Dmitry-Kovpaks-MacBook-Pro.local" name="tests.CheckVisaPlatinumRewardsTextKPCU" tests="1" failures="0" timestamp="28 Dec 2015 15:21:06 GMT" time="1.306" errors="0">
  <testcase name="checkVisaPlatinumRewardsText" time="1.306" classname="tests.CheckVisaPlatinumRewardsTextKPCU"/>
</testsuite>
