<?xml version="1.0" encoding="UTF-8"?>
<!-- Generated by org.testng.reporters.JUnitReportReporter -->
<testsuite hostname="Dmitry-Kovpaks-MacBook-Pro.local" name="tests.CheckVisaClassicTextKPCU" tests="1" failures="0" timestamp="18 Jan 2016 22:53:31 GMT" time="5.927" errors="0">
  <testcase name="checkVisaClassicText" time="5.927" classname="tests.CheckVisaClassicTextKPCU"/>
</testsuite>
