<?xml version="1.0" encoding="UTF-8"?>
<!-- Generated by org.testng.reporters.JUnitReportReporter -->
<testsuite hostname="Dmitry-Kovpaks-MacBook-Pro.local" name="tests.checkLandingPageWizardTextKPCU" tests="1" failures="0" timestamp="29 Dec 2015 16:00:23 GMT" time="3.495" errors="0">
  <testcase name="testLandingPageWizardText" time="3.495" classname="tests.checkLandingPageWizardTextKPCU"/>
</testsuite>
