<?xml version="1.0" encoding="UTF-8"?>
<!-- Generated by org.testng.reporters.JUnitReportReporter -->
<testsuite hostname="Dmitry-Kovpaks-MacBook-Pro.local" name="tests.VisaPlatinumRewardsSelectedTestKPCU" tests="1" failures="0" timestamp="24 Dec 2015 17:40:44 GMT" time="9.017" errors="0">
  <testcase name="VisaPlatiunumRewardsSelected" time="9.017" classname="tests.VisaPlatinumRewardsSelectedTestKPCU"/>
</testsuite>
