<?xml version="1.0" encoding="UTF-8"?>
<!-- Generated by org.testng.reporters.JUnitReportReporter -->
<testsuite hostname="Dmitry-Kovpaks-MacBook-Pro.local" name="tests.checkVizaPlatinumTextKPCU" tests="1" failures="0" timestamp="18 Jan 2016 22:53:31 GMT" time="7.412" errors="0">
  <testcase name="testVisaPlatinumRewards" time="7.412" classname="tests.checkVizaPlatinumTextKPCU"/>
</testsuite>
