<?xml version="1.0" encoding="UTF-8"?>
<!-- Generated by org.testng.reporters.JUnitReportReporter -->
<testsuite hostname="Dmitry-Kovpaks-MacBook-Pro.local" name="tests.VisaPlatinumRewardsSelectionAndGoingToNextPageKPCU" tests="1" failures="0" timestamp="25 Dec 2015 21:22:59 GMT" time="43.320" errors="0">
  <testcase name="testVisaPlatinumSelectionAndGoigtoNextPage" time="43.320" classname="tests.VisaPlatinumRewardsSelectionAndGoingToNextPageKPCU"/>
</testsuite>
