<?xml version="1.0" encoding="UTF-8"?>
<!-- Generated by org.testng.reporters.JUnitReportReporter -->
<testsuite hostname="Dmitry-Kovpaks-MacBook-Pro.local" name="tests.VisaClassicAndToApplicationTypeKPCU" tests="1" failures="0" timestamp="29 Dec 2015 16:00:23 GMT" time="18.132" errors="0">
  <testcase name="testVisaPlatinumSelectionAndToAplicationTypeKPCU" time="18.132" classname="tests.VisaClassicAndToApplicationTypeKPCU"/>
</testsuite>
