<?xml version="1.0" encoding="UTF-8"?>
<!-- Generated by org.testng.reporters.JUnitReportReporter -->
<testsuite hostname="Dmitry-Kovpaks-MacBook-Pro.local" name="tests.VisaPlatinumRewardsSelectionAndToApplicationTypeKPCU" tests="1" failures="0" timestamp="29 Dec 2015 16:00:23 GMT" time="5.019" errors="0">
  <testcase name="testVisaPlatinumSelectionAndGoigtoNextPage" time="5.019" classname="tests.VisaPlatinumRewardsSelectionAndToApplicationTypeKPCU"/>
</testsuite>
