<?xml version="1.0" encoding="UTF-8"?>
<!-- Generated by org.testng.reporters.JUnitReportReporter -->
<testsuite hostname="Dmitry-Kovpaks-MacBook-Pro.local" name="tests.checkVizaPlatinumTextKPCU" tests="1" failures="0" timestamp="28 Dec 2015 15:21:06 GMT" time="1.840" errors="0">
  <testcase name="testVisaPlatinumRewards" time="1.840" classname="tests.checkVizaPlatinumTextKPCU"/>
</testsuite>
